<?xml version="1.0" encoding="UTF-8"?>
<!-- Generated by org.testng.reporters.JUnitXMLReporter -->
<testsuite ignored="0" hostname="DESKTOP-LBNV72U" failures="0" tests="3" name="Test-1" time="83.286" errors="0" timestamp="2025-01-21T15:52:27 IST">
  <testcase classname="com.comcast.crm.orgtest2.CreateOrgTest1" name="createOrgTest1" time="15.272"/>
  <testcase classname="com.comcast.crm.orgtest2.CreateOrgTest1" name="createOrgwithINdtype" time="6.741"/>
  <testcase classname="com.comcast.crm.orgtest2.CreateOrgTest1" name="createorgphn" time="6.574"/>
</testsuite> <!-- Test-1 -->
