<?xml version="1.0" encoding="UTF-8"?>
<!-- Generated by org.testng.reporters.JUnitReportReporter -->
<testsuite hostname="DESKTOP-LBNV72U" failures="0" tests="1" name="practice.pom.repository.SampleTestwithPom" time="18.386" errors="0" timestamp="2025-01-16T15:42:53 IST" skipped="0">
  <testcase classname="practice.pom.repository.SampleTestwithPom" name="sampleTest" time="18.386"/>
</testsuite> <!-- practice.pom.repository.SampleTestwithPom -->
