<?xml version="1.0" encoding="UTF-8"?>
<!-- Generated by org.testng.reporters.JUnitReportReporter -->
<testsuite hostname="DESKTOP-LBNV72U" failures="0" tests="1" name="com.nobroker.task.NobrokerClass" time="15.944" errors="0" timestamp="2025-01-24T16:53:46 IST" skipped="0">
  <testcase classname="com.nobroker.task.NobrokerClass" name="Loginbroker" time="15.944"/>
</testsuite> <!-- com.nobroker.task.NobrokerClass -->
