<?xml version="1.0" encoding="UTF-8"?>
<!-- Generated by org.testng.reporters.JUnitReportReporter -->
<testsuite hostname="DESKTOP-LBNV72U" failures="0" tests="1" name="com.comcast.crm.contacttest.CreateContactWithOrg1" time="28.075" errors="0" timestamp="2025-01-20T19:24:34 IST" skipped="0">
  <testcase classname="com.comcast.crm.contacttest.CreateContactWithOrg1" name="createContactWithOrg1" time="28.075"/>
</testsuite> <!-- com.comcast.crm.contacttest.CreateContactWithOrg1 -->
