<?xml version="1.0" encoding="UTF-8"?>
<!-- Generated by org.testng.reporters.JUnitReportReporter -->
<testsuite hostname="DESKTOP-LBNV72U" failures="0" tests="2" name="practice.hometest.HomePageSamplereportsTest1" time="0.025" errors="0" timestamp="2025-01-23T11:16:44 IST" skipped="0">
  <testcase classname="practice.hometest.HomePageSamplereportsTest1" name="homePageTest" time="0.021">
    <system-out>
      <![CDATA[homePageTestTest Start
s1
s2
s3
s4
homePageTestTest End]]>
    </system-out>
  </testcase> <!-- homePageTest -->
  <testcase classname="practice.hometest.HomePageSamplereportsTest1" name="verifyLogoHomePageTest" time="0.004">
    <system-out>
      <![CDATA[verifyLogoHomePageTestTest Start
s1
s2
s3
s4
verifyLogoHomePageTestTest End]]>
    </system-out>
  </testcase> <!-- verifyLogoHomePageTest -->
  <system-out>
    <![CDATA[homePageTestTest Start
s1
s2
s3
s4
homePageTestTest End
verifyLogoHomePageTestTest Start
s1
s2
s3
s4
verifyLogoHomePageTestTest End]]>
  </system-out>
</testsuite> <!-- practice.hometest.HomePageSamplereportsTest1 -->
