<?xml version="1.0" encoding="UTF-8"?>
<!-- Generated by org.testng.reporters.JUnitReportReporter -->
<testsuite hostname="DESKTOP-LBNV72U" failures="0" tests="1" name="com.comcast.crm.orgtest.CreateOrgWithIndustryType1" time="16.702" errors="0" timestamp="2025-01-21T05:11:03 IST" skipped="0">
  <testcase classname="com.comcast.crm.orgtest.CreateOrgWithIndustryType1" name="createOrgWithIndustryType1" time="16.702"/>
</testsuite> <!-- com.comcast.crm.orgtest.CreateOrgWithIndustryType1 -->
