<?xml version="1.0" encoding="UTF-8"?>
<!-- Generated by org.testng.reporters.JUnitReportReporter -->
<testsuite hostname="DESKTOP-LBNV72U" failures="0" tests="3" name="practice.test.DataProvExam" time="138.589" errors="0" timestamp="2025-01-20T13:26:30 IST" skipped="0">
  <testcase classname="practice.test.DataProvExam" name="loginTest" time="38.404"/>
  <testcase classname="practice.test.DataProvExam" name="loginTest" time="27.804"/>
  <testcase classname="practice.test.DataProvExam" name="loginTest" time="72.381"/>
</testsuite> <!-- practice.test.DataProvExam -->
