<?xml version="1.0" encoding="UTF-8"?>
<!-- Generated by org.testng.reporters.JUnitReportReporter -->
<testsuite hostname="DESKTOP-LBNV72U" failures="0" tests="3" name="com.comcast.crm.orgtest2.CreateOrgTest1" time="53.934" errors="0" timestamp="2025-01-27T15:00:55 IST" skipped="0">
  <testcase classname="com.comcast.crm.orgtest2.CreateOrgTest1" name="createOrgTest1" time="34.482"/>
  <testcase classname="com.comcast.crm.orgtest2.CreateOrgTest1" name="createOrgwithINdtype" time="9.424"/>
  <testcase classname="com.comcast.crm.orgtest2.CreateOrgTest1" name="createorgphn" time="10.028"/>
</testsuite> <!-- com.comcast.crm.orgtest2.CreateOrgTest1 -->
