<?xml version="1.0" encoding="UTF-8"?>
<!-- Generated by org.testng.reporters.JUnitReportReporter -->
<testsuite hostname="DESKTOP-LBNV72U" failures="0" tests="1" name="com.comcast.crm.contacttest.CreateContactWithSupportDate1" time="16.454" errors="0" timestamp="2025-01-21T05:12:41 IST" skipped="0">
  <testcase classname="com.comcast.crm.contacttest.CreateContactWithSupportDate1" name="createContactWithSupportDate1" time="16.454"/>
</testsuite> <!-- com.comcast.crm.contacttest.CreateContactWithSupportDate1 -->
