<?xml version="1.0" encoding="UTF-8"?>
<!-- Generated by org.testng.reporters.JUnitReportReporter -->
<testsuite hostname="DESKTOP-LBNV72U" failures="0" tests="1" name="com.comcast.crm.contacttest.CreateContactTest1" time="15.797" errors="0" timestamp="2025-01-21T05:13:26 IST" skipped="0">
  <testcase classname="com.comcast.crm.contacttest.CreateContactTest1" name="createContactTest1" time="15.797"/>
</testsuite> <!-- com.comcast.crm.contacttest.CreateContactTest1 -->
