<?xml version="1.0" encoding="UTF-8"?>
<!-- Generated by org.testng.reporters.JUnitReportReporter -->
<testsuite hostname="DESKTOP-LBNV72U" failures="0" tests="1" name="com.comcast.crm.contacttest1.CreateContactWithOrg1" time="25.720" errors="0" timestamp="2025-01-21T14:28:31 IST" skipped="0">
  <testcase classname="com.comcast.crm.contacttest1.CreateContactWithOrg1" name="createContactWithOrg1" time="25.720"/>
</testsuite> <!-- com.comcast.crm.contacttest1.CreateContactWithOrg1 -->
