<?xml version="1.0" encoding="UTF-8"?>
<!-- Generated by org.testng.reporters.JUnitReportReporter -->
<testsuite hostname="DESKTOP-LBNV72U" failures="0" tests="1" name="com.comcast.crm.orgtest.CreateOrgPhnum1" time="24.828" errors="0" timestamp="2025-01-21T05:17:42 IST" skipped="0">
  <testcase classname="com.comcast.crm.orgtest.CreateOrgPhnum1" name="createOrgPhnum1" time="24.828"/>
</testsuite> <!-- com.comcast.crm.orgtest.CreateOrgPhnum1 -->
