<?xml version="1.0" encoding="UTF-8"?>
<!-- Generated by org.testng.reporters.JUnitReportReporter -->
<testsuite hostname="DESKTOP-LBNV72U" failures="0" tests="1" name="practice.test.SampleReportTest" time="23.918" errors="0" timestamp="2025-01-25T12:54:02 IST" skipped="0">
  <testcase classname="practice.test.SampleReportTest" name="createContactWithOrg" time="23.918"/>
</testsuite> <!-- practice.test.SampleReportTest -->
