<?xml version="1.0" encoding="UTF-8"?>
<!-- Generated by org.testng.reporters.JUnitReportReporter -->
<testsuite hostname="DESKTOP-LBNV72U" failures="0" tests="1" name="practice.test.TakeSSApp" time="121.805" errors="0" timestamp="2025-01-23T11:24:24 IST" skipped="0">
  <testcase classname="practice.test.TakeSSApp" name="appss" time="121.805"/>
</testsuite> <!-- practice.test.TakeSSApp -->
