<?xml version="1.0" encoding="UTF-8"?>
<!-- Generated by org.testng.reporters.JUnitReportReporter -->
<testsuite hostname="DESKTOP-LBNV72U" failures="0" tests="1" name="com.comcast.crm.orgtest.CreateOrgTest1" time="16.487" errors="0" timestamp="2025-01-21T05:11:57 IST" skipped="0">
  <testcase classname="com.comcast.crm.orgtest.CreateOrgTest1" name="createOrgTest1" time="16.487"/>
</testsuite> <!-- com.comcast.crm.orgtest.CreateOrgTest1 -->
