<?xml version="1.0" encoding="UTF-8"?>
<!-- Generated by org.testng.reporters.JUnitReportReporter -->
<testsuite hostname="DESKTOP-LBNV72U" failures="0" tests="1" name="reqres.Basic_script" time="8.480" errors="0" timestamp="2024-12-20T20:02:28 IST" skipped="0">
  <testcase classname="reqres.Basic_script" name="get" time="8.480"/>
  <system-out/>
</testsuite> <!-- reqres.Basic_script -->
