<?xml version="1.0" encoding="UTF-8"?>
<!-- Generated by org.testng.reporters.JUnitReportReporter -->
<testsuite hostname="DESKTOP-LBNV72U" failures="0" tests="6" name="gherkin.Shopperprofile" time="14.475" errors="0" timestamp="2024-12-22T13:20:42 IST" skipped="0">
  <testcase classname="gherkin.Shopperprofile" name="post" time="6.348"/>
  <system-out/>
  <testcase classname="gherkin.Shopperprofile" name="login" time="1.679"/>
  <system-out/>
  <testcase classname="gherkin.Shopperprofile" name="getData" time="1.516"/>
  <system-out/>
  <testcase classname="gherkin.Shopperprofile" name="put" time="1.592"/>
  <system-out/>
  <testcase classname="gherkin.Shopperprofile" name="frgtpasswd" time="1.877"/>
  <system-out/>
  <testcase classname="gherkin.Shopperprofile" name="verifyacc" time="1.463"/>
  <system-out/>
</testsuite> <!-- gherkin.Shopperprofile -->
