<?xml version="1.0" encoding="UTF-8"?>
<!-- Generated by org.testng.reporters.JUnitReportReporter -->
<testsuite hostname="DESKTOP-LBNV72U" failures="0" tests="1" name="pojo.P1" time="7.430" errors="0" timestamp="2024-12-26T19:29:18 IST" skipped="0">
  <testcase classname="pojo.P1" name="postt" time="7.430"/>
  <system-out/>
</testsuite> <!-- pojo.P1 -->
