<?xml version="1.0" encoding="UTF-8"?>
<!-- Generated by org.testng.reporters.JUnitReportReporter -->
<testsuite hostname="DESKTOP-LBNV72U" failures="0" tests="1" name="pojo.P2" time="7.157" errors="0" timestamp="2024-12-27T10:01:38 IST" skipped="0">
  <testcase classname="pojo.P2" name="login" time="7.157"/>
  <system-out/>
</testsuite> <!-- pojo.P2 -->
